Oct 23 16:31:24 Installed: libreport-filesystem-2.1.11-40.el7.centos.x86_64
Oct 23 16:31:24 Installed: mailx-12.5-19.el7.x86_64
Oct 23 16:31:24 Installed: 1:smartmontools-6.5-1.el7.x86_64
Oct 23 16:31:24 Installed: mdadm-4.0-13.el7.x86_64
Oct 23 16:31:24 Installed: hdparm-9.43-5.el7.x86_64
Oct 23 16:31:24 Installed: gdisk-0.8.6-5.el7.x86_64
Oct 28 15:13:58 Installed: mpfr-3.1.1-4.el7.x86_64
Oct 28 15:13:58 Installed: libmpc-1.0.1-3.el7.x86_64
Oct 28 15:13:58 Installed: cpp-4.8.5-28.el7_5.1.x86_64
Oct 28 15:13:59 Installed: kernel-headers-3.10.0-862.14.4.el7.x86_64
Oct 28 15:14:00 Installed: glibc-headers-2.17-222.el7.x86_64
Oct 28 15:14:00 Installed: glibc-devel-2.17-222.el7.x86_64
Oct 28 15:14:01 Installed: gcc-4.8.5-28.el7_5.1.x86_64
Oct 28 15:41:59 Installed: bc-1.06.95-13.el7.x86_64
Oct 28 16:31:52 Installed: 1:perl-parent-0.225-244.el7.noarch
Oct 28 16:31:52 Installed: perl-HTTP-Tiny-0.033-3.el7.noarch
Oct 28 16:31:52 Installed: perl-podlators-2.5.1-3.el7.noarch
Oct 28 16:31:52 Installed: perl-Pod-Perldoc-3.20-4.el7.noarch
Oct 28 16:31:52 Installed: 1:perl-Pod-Escapes-1.04-292.el7.noarch
Oct 28 16:31:52 Installed: perl-Text-ParseWords-3.29-4.el7.noarch
Oct 28 16:31:52 Installed: perl-Encode-2.51-7.el7.x86_64
Oct 28 16:31:52 Installed: perl-Pod-Usage-1.63-3.el7.noarch
Oct 28 16:31:52 Installed: 4:perl-macros-5.16.3-292.el7.x86_64
Oct 28 16:31:52 Installed: 4:perl-libs-5.16.3-292.el7.x86_64
Oct 28 16:31:52 Installed: perl-Storable-2.45-3.el7.x86_64
Oct 28 16:31:52 Installed: perl-Exporter-5.68-3.el7.noarch
Oct 28 16:31:52 Installed: perl-constant-1.27-2.el7.noarch
Oct 28 16:31:52 Installed: perl-Time-Local-1.2300-2.el7.noarch
Oct 28 16:31:52 Installed: perl-Socket-2.010-4.el7.x86_64
Oct 28 16:31:52 Installed: perl-Carp-1.26-244.el7.noarch
Oct 28 16:31:52 Installed: 4:perl-Time-HiRes-1.9725-3.el7.x86_64
Oct 28 16:31:52 Installed: perl-PathTools-3.40-5.el7.x86_64
Oct 28 16:31:53 Installed: perl-Scalar-List-Utils-1.27-248.el7.x86_64
Oct 28 16:31:53 Installed: perl-File-Temp-0.23.01-3.el7.noarch
Oct 28 16:31:53 Installed: perl-File-Path-2.09-2.el7.noarch
Oct 28 16:31:53 Installed: perl-threads-shared-1.43-6.el7.x86_64
Oct 28 16:31:53 Installed: perl-threads-1.87-4.el7.x86_64
Oct 28 16:31:53 Installed: perl-Filter-1.49-3.el7.x86_64
Oct 28 16:31:53 Installed: 1:perl-Pod-Simple-3.28-4.el7.noarch
Oct 28 16:31:53 Installed: perl-Getopt-Long-2.40-3.el7.noarch
Oct 28 16:31:55 Installed: 4:perl-5.16.3-292.el7.x86_64
Oct 28 17:37:53 Installed: 1:perl-Error-0.17020-2.el7.noarch
Oct 28 17:37:53 Installed: perl-TermReadKey-2.30-20.el7.x86_64
Oct 28 17:37:53 Installed: libgnome-keyring-3.12.0-1.el7.x86_64
Oct 28 17:37:55 Installed: git-1.8.3.1-14.el7_5.x86_64
Oct 28 17:37:55 Installed: perl-Git-1.8.3.1-14.el7_5.noarch
